<?xml version="1.0" encoding="UTF-8"?>
<testsuites name="Mocha Tests" time="5.017" tests="1" failures="0">
  <testsuite name="Root Suite" timestamp="2023-02-11T10:05:56" tests="0" file="cypress\e2e\search.cy.js" time="0.000" failures="0">
  </testsuite>
  <testsuite name="search for books" timestamp="2023-02-11T10:05:56" tests="1" time="4.978" failures="0">
    <testcase name="search for books should return one book with title Agile Testing" time="4.933" classname="should return one book with title Agile Testing">
    </testcase>
  </testsuite>
</testsuites>